npm error code ERESOLVE
npm error ERESOLVE could not resolve
npm error
npm error While resolving: @cloudflare/next-on-pages@1.13.16
npm error Found: next@16.1.6
npm error node_modules/next
npm error   next@"16.1.6" from the root project
npm error
npm error Could not resolve dependency:
npm error peer next@">=14.3.0 && <=15.5.2" from @cloudflare/next-on-pages@1.13.16
npm error node_modules/@cloudflare/next-on-pages
npm error   dev @cloudflare/next-on-pages@"^1.13.16" from the root project
npm error
npm error Conflicting peer dependency: next@15.4.11
npm error node_modules/next
npm error   peer next@">=14.3.0 && <=15.5.2" from @cloudflare/next-on-pages@1.13.16
npm error   node_modules/@cloudflare/next-on-pages
npm error     dev @cloudflare/next-on-pages@"^1.13.16" from the root project
npm error
npm error Fix the upstream dependency conflict, or retry
npm error this command with --force or --legacy-peer-deps
npm error to accept an incorrect (and potentially broken) dependency resolution.
npm error
npm error
npm error For a full report see:
npm error C:\Users\Abhi\AppData\Local\npm-cache\_logs\2026-02-01T20_28_13_854Z-eresolve-report.txt
npm error A complete log of this run can be found in: C:\Users\Abhi\AppData\Local\npm-cache\_logs\2026-02-01T20_28_13_854Z-debug-0.log
